#
# There is insufficient memory for the Java Runtime Environment to continue.
# Native memory allocation (malloc) failed to allocate 1593168 bytes. Error detail: Chunk::new
# Possible reasons:
#   The system is out of physical RAM or swap space
#   This process is running with CompressedOops enabled, and the Java Heap may be blocking the growth of the native heap
# Possible solutions:
#   Reduce memory load on the system
#   Increase physical memory or swap space
#   Check if swap backing store is full
#   Decrease Java heap size (-Xmx/-Xms)
#   Decrease number of Java threads
#   Decrease Java thread stack sizes (-Xss)
#   Set larger code cache with -XX:ReservedCodeCacheSize=
#   JVM is running with Unscaled Compressed Oops mode in which the Java heap is
#     placed in the first 4GB address space. The Java Heap base address is the
#     maximum limit for the native heap growth. Please use -XX:HeapBaseMinAddress
#     to set the Java Heap base and to place the Java Heap above 4GB virtual address.
# This output file may be truncated or incomplete.
#
#  Out of Memory Error (arena.cpp:191), pid=26268, tid=21932
#
# JRE version: OpenJDK Runtime Environment Temurin-17.0.13+11 (17.0.13+11) (build 17.0.13+11)
# Java VM: OpenJDK 64-Bit Server VM Temurin-17.0.13+11 (17.0.13+11, mixed mode, tiered, compressed oops, compressed class ptrs, parallel gc, windows-amd64)
# No core dump will be written. Minidumps are not enabled by default on client versions of Windows
#

---------------  S U M M A R Y ------------

Command Line: --add-modules=ALL-SYSTEM --add-opens=java.base/java.util=ALL-UNNAMED --add-opens=java.base/java.lang=ALL-UNNAMED --add-opens=java.base/sun.nio.fs=ALL-UNNAMED -Declipse.application=org.eclipse.jdt.ls.core.id1 -Dosgi.bundles.defaultStartLevel=4 -Declipse.product=org.eclipse.jdt.ls.core.product -Djava.import.generatesMetadataFilesAtProjectRoot=false -DDetectVMInstallationsJob.disabled=true -Dfile.encoding=utf8 -XX:+UseParallelGC -XX:GCTimeRatio=4 -XX:AdaptiveSizePolicyWeight=90 -Dsun.zip.disableMemoryMapping=true -Xmx1G -Xms100m -Xlog:disable -javaagent:c:\Users\ayama\.vscode\extensions\redhat.java-1.36.0-win32-x64\lombok\lombok-1.18.35.jar -XX:+HeapDumpOnOutOfMemoryError -XX:HeapDumpPath=c:\Users\ayama\AppData\Roaming\Code\User\workspaceStorage\cb83dc0188b8a3deb9242c1b4567d9ac\redhat.java -Daether.dependencyCollector.impl=bf c:\Users\ayama\.vscode\extensions\redhat.java-1.36.0-win32-x64\server\plugins\org.eclipse.equinox.launcher_1.6.900.v20240613-2009.jar -configuration c:\Users\ayama\AppData\Roaming\Code\User\globalStorage\redhat.java\1.36.0\config_win -data c:\Users\ayama\AppData\Roaming\Code\User\workspaceStorage\cb83dc0188b8a3deb9242c1b4567d9ac\redhat.java\jdt_ws --pipe=\\.\pipe\lsp-a6c5e1bca20ec39bd5bad9110e9d4ee3-sock

Host: Intel(R) Core(TM) i5-8250U CPU @ 1.60GHz, 8 cores, 7G,  Windows 10 , 64 bit Build 19041 (10.0.19041.5072)
Time: Tue Nov 19 13:36:03 2024 Afr. centrale Ouest elapsed time: 42.065539 seconds (0d 0h 0m 42s)

---------------  T H R E A D  ---------------

Current thread (0x000001bc6d01ec10):  JavaThread "C2 CompilerThread1" daemon [_thread_in_native, id=21932, stack(0x00000093f7f00000,0x00000093f8000000)]


Current CompileTask:
C2:  42065 8048       4       org.eclipse.jdt.internal.compiler.util.JrtFileSystem$2::visitFile (72 bytes)

Stack: [0x00000093f7f00000,0x00000093f8000000]
Native frames: (J=compiled Java code, j=interpreted, Vv=VM code, C=native code)
V  [jvm.dll+0x682a19]
V  [jvm.dll+0x839538]
V  [jvm.dll+0x83afe3]
V  [jvm.dll+0x83b653]
V  [jvm.dll+0x24704f]
V  [jvm.dll+0xace34]
V  [jvm.dll+0xad4cc]
V  [jvm.dll+0x36597e]
V  [jvm.dll+0x1ba793]
V  [jvm.dll+0x2181a7]
V  [jvm.dll+0x21748f]
V  [jvm.dll+0x1a3070]
V  [jvm.dll+0x22788c]
V  [jvm.dll+0x2259eb]
V  [jvm.dll+0x7eec98]
V  [jvm.dll+0x7e8ffc]
V  [jvm.dll+0x6818f7]
C  [ucrtbase.dll+0x21bb2]
C  [KERNEL32.DLL+0x17374]
C  [ntdll.dll+0x4cc91]


---------------  P R O C E S S  ---------------

Threads class SMR info:
_java_thread_list=0x000001bc6d3bd120, length=49, elements={
0x000001bc519f0000, 0x000001bc51aa6930, 0x000001bc51aa7a30, 0x000001bc6588c0a0,
0x000001bc6588cf20, 0x000001bc6588dda0, 0x000001bc6aaff170, 0x000001bc6aaffd70,
0x000001bc6ab5e4e0, 0x000001bc6ab611b0, 0x000001bc6ac133a0, 0x000001bc6ae9c7a0,
0x000001bc6c08f4f0, 0x000001bc6c2494a0, 0x000001bc6c46e380, 0x000001bc6c672310,
0x000001bc6c9c56a0, 0x000001bc6bff17b0, 0x000001bc6bff4030, 0x000001bc6bff1cc0,
0x000001bc6bff21d0, 0x000001bc6bff3610, 0x000001bc6bff4540, 0x000001bc6bff4a50,
0x000001bc6bff2bf0, 0x000001bc6bff12a0, 0x000001bc6bff3b20, 0x000001bc6cf1bb00,
0x000001bc6cf1b0e0, 0x000001bc6cf1c010, 0x000001bc6cf1d450, 0x000001bc6cf1abd0,
0x000001bc6cf19280, 0x000001bc6cf1a6c0, 0x000001bc6cf1a1b0, 0x000001bc6cf17420,
0x000001bc6cf1b5f0, 0x000001bc6cf1c520, 0x000001bc6d01ec10, 0x000001bc6cf18d70,
0x000001bc6cf17930, 0x000001bc6cf1cf40, 0x000001bc6cf18860, 0x000001bc6cf1e380,
0x000001bc6cf1e890, 0x000001bc6cf17e40, 0x000001bc6cf18350, 0x000001bc6cf19790,
0x000001bc6cf19ca0
}

Java Threads: ( => current thread )
  0x000001bc519f0000 JavaThread "main" [_thread_blocked, id=25224, stack(0x00000093f4c00000,0x00000093f4d00000)]
  0x000001bc51aa6930 JavaThread "Reference Handler" daemon [_thread_blocked, id=24312, stack(0x00000093f4f00000,0x00000093f5000000)]
  0x000001bc51aa7a30 JavaThread "Finalizer" daemon [_thread_blocked, id=10932, stack(0x00000093f5000000,0x00000093f5100000)]
  0x000001bc6588c0a0 JavaThread "Signal Dispatcher" daemon [_thread_blocked, id=11924, stack(0x00000093f5100000,0x00000093f5200000)]
  0x000001bc6588cf20 JavaThread "Attach Listener" daemon [_thread_blocked, id=21976, stack(0x00000093f5200000,0x00000093f5300000)]
  0x000001bc6588dda0 JavaThread "Service Thread" daemon [_thread_blocked, id=15480, stack(0x00000093f5300000,0x00000093f5400000)]
  0x000001bc6aaff170 JavaThread "Monitor Deflation Thread" daemon [_thread_blocked, id=23060, stack(0x00000093f5400000,0x00000093f5500000)]
  0x000001bc6aaffd70 JavaThread "C2 CompilerThread0" daemon [_thread_in_native, id=24512, stack(0x00000093f5500000,0x00000093f5600000)]
  0x000001bc6ab5e4e0 JavaThread "C1 CompilerThread0" daemon [_thread_blocked, id=26264, stack(0x00000093f5600000,0x00000093f5700000)]
  0x000001bc6ab611b0 JavaThread "Sweeper thread" daemon [_thread_blocked, id=24128, stack(0x00000093f5700000,0x00000093f5800000)]
  0x000001bc6ac133a0 JavaThread "Common-Cleaner" daemon [_thread_blocked, id=18648, stack(0x00000093f5800000,0x00000093f5900000)]
  0x000001bc6ae9c7a0 JavaThread "Notification Thread" daemon [_thread_blocked, id=26096, stack(0x00000093f5a00000,0x00000093f5b00000)]
  0x000001bc6c08f4f0 JavaThread "Active Thread: Equinox Container: b23c89f4-a067-4136-97ac-f4002c3cd205" [_thread_blocked, id=8852, stack(0x00000093f6200000,0x00000093f6300000)]
  0x000001bc6c2494a0 JavaThread "Refresh Thread: Equinox Container: b23c89f4-a067-4136-97ac-f4002c3cd205" daemon [_thread_blocked, id=19868, stack(0x00000093f6300000,0x00000093f6400000)]
  0x000001bc6c46e380 JavaThread "Framework Event Dispatcher: Equinox Container: b23c89f4-a067-4136-97ac-f4002c3cd205" daemon [_thread_blocked, id=4852, stack(0x00000093f6100000,0x00000093f6200000)]
  0x000001bc6c672310 JavaThread "Start Level: Equinox Container: b23c89f4-a067-4136-97ac-f4002c3cd205" daemon [_thread_blocked, id=16616, stack(0x00000093f6400000,0x00000093f6500000)]
  0x000001bc6c9c56a0 JavaThread "Bundle File Closer" daemon [_thread_blocked, id=15740, stack(0x00000093f6600000,0x00000093f6700000)]
  0x000001bc6bff17b0 JavaThread "SCR Component Actor" daemon [_thread_blocked, id=9524, stack(0x00000093f6700000,0x00000093f6800000)]
  0x000001bc6bff4030 JavaThread "Worker-JM" [_thread_blocked, id=25620, stack(0x00000093f6900000,0x00000093f6a00000)]
  0x000001bc6bff1cc0 JavaThread "Worker-0: Initialize workspace" [_thread_in_vm, id=23112, stack(0x00000093f6a00000,0x00000093f6b00000)]
  0x000001bc6bff21d0 JavaThread "Worker-1" [_thread_blocked, id=20792, stack(0x00000093f6b00000,0x00000093f6c00000)]
  0x000001bc6bff3610 JavaThread "Worker-2" [_thread_blocked, id=25232, stack(0x00000093f6c00000,0x00000093f6d00000)]
  0x000001bc6bff4540 JavaThread "Worker-3: Java indexing... " [_thread_blocked, id=15352, stack(0x00000093f6d00000,0x00000093f6e00000)]
  0x000001bc6bff4a50 JavaThread "Java indexing" daemon [_thread_in_Java, id=26320, stack(0x00000093f6e00000,0x00000093f6f00000)]
  0x000001bc6bff2bf0 JavaThread "JNA Cleaner" daemon [_thread_blocked, id=3872, stack(0x00000093f6f00000,0x00000093f7000000)]
  0x000001bc6bff12a0 JavaThread "Thread-2" daemon [_thread_in_native, id=21000, stack(0x00000093f7200000,0x00000093f7300000)]
  0x000001bc6bff3b20 JavaThread "Thread-3" daemon [_thread_in_native, id=1552, stack(0x00000093f7300000,0x00000093f7400000)]
  0x000001bc6cf1bb00 JavaThread "Thread-4" daemon [_thread_in_native, id=12328, stack(0x00000093f7400000,0x00000093f7500000)]
  0x000001bc6cf1b0e0 JavaThread "Thread-5" daemon [_thread_in_native, id=5956, stack(0x00000093f7500000,0x00000093f7600000)]
  0x000001bc6cf1c010 JavaThread "Thread-6" daemon [_thread_in_native, id=19228, stack(0x00000093f7600000,0x00000093f7700000)]
  0x000001bc6cf1d450 JavaThread "Thread-7" daemon [_thread_in_native, id=1868, stack(0x00000093f7700000,0x00000093f7800000)]
  0x000001bc6cf1abd0 JavaThread "Thread-8" daemon [_thread_in_native, id=5028, stack(0x00000093f7800000,0x00000093f7900000)]
  0x000001bc6cf19280 JavaThread "Thread-9" daemon [_thread_in_native, id=8308, stack(0x00000093f7900000,0x00000093f7a00000)]
  0x000001bc6cf1a6c0 JavaThread "Thread-10" daemon [_thread_in_native, id=20952, stack(0x00000093f7a00000,0x00000093f7b00000)]
  0x000001bc6cf1a1b0 JavaThread "pool-2-thread-1" [_thread_blocked, id=21508, stack(0x00000093f7b00000,0x00000093f7c00000)]
  0x000001bc6cf17420 JavaThread "WorkspaceEventsHandler" [_thread_blocked, id=22216, stack(0x00000093f7c00000,0x00000093f7d00000)]
  0x000001bc6cf1b5f0 JavaThread "pool-1-thread-1" [_thread_blocked, id=23208, stack(0x00000093f7d00000,0x00000093f7e00000)]
  0x000001bc6cf1c520 JavaThread "Worker-4" [_thread_blocked, id=11936, stack(0x00000093f7e00000,0x00000093f7f00000)]
=>0x000001bc6d01ec10 JavaThread "C2 CompilerThread1" daemon [_thread_in_native, id=21932, stack(0x00000093f7f00000,0x00000093f8000000)]
  0x000001bc6cf18d70 JavaThread "Worker-5: Building" [_thread_in_vm, id=25932, stack(0x00000093f8000000,0x00000093f8100000)]
  0x000001bc6cf17930 JavaThread "ForkJoinPool.commonPool-worker-1" daemon [_thread_in_vm, id=12480, stack(0x00000093f8100000,0x00000093f8200000)]
  0x000001bc6cf1cf40 JavaThread "ForkJoinPool.commonPool-worker-2" daemon [_thread_blocked, id=23608, stack(0x00000093f8200000,0x00000093f8300000)]
  0x000001bc6cf18860 JavaThread "Compiler Source File Reader" daemon [_thread_blocked, id=13252, stack(0x00000093f8300000,0x00000093f8400000)]
  0x000001bc6cf1e380 JavaThread "Compiler Source File Reader" daemon [_thread_blocked, id=18600, stack(0x00000093f8400000,0x00000093f8500000)]
  0x000001bc6cf1e890 JavaThread "Compiler Source File Reader" daemon [_thread_blocked, id=11800, stack(0x00000093f8500000,0x00000093f8600000)]
  0x000001bc6cf17e40 JavaThread "Compiler Source File Reader" daemon [_thread_blocked, id=20608, stack(0x00000093f8600000,0x00000093f8700000)]
  0x000001bc6cf18350 JavaThread "Compiler Source File Reader" daemon [_thread_blocked, id=20280, stack(0x00000093f8700000,0x00000093f8800000)]
  0x000001bc6cf19790 JavaThread "ForkJoinPool.commonPool-worker-3" daemon [_thread_blocked, id=776, stack(0x00000093f8800000,0x00000093f8900000)]
  0x000001bc6cf19ca0 JavaThread "ForkJoinPool.commonPool-worker-4" daemon [_thread_blocked, id=26612, stack(0x00000093f8900000,0x00000093f8a00000)]

Other Threads:
  0x000001bc65889970 VMThread "VM Thread" [stack: 0x00000093f4e00000,0x00000093f4f00000] [id=11572]
  0x000001bc6baab610 WatcherThread [stack: 0x00000093f5b00000,0x00000093f5c00000] [id=13432]
  0x000001bc51a04880 GCTaskThread "GC Thread#0" [stack: 0x00000093f4d00000,0x00000093f4e00000] [id=23868]
  0x000001bc6bb3f6d0 GCTaskThread "GC Thread#1" [stack: 0x00000093f5900000,0x00000093f5a00000] [id=5984]
  0x000001bc6c091640 GCTaskThread "GC Thread#2" [stack: 0x00000093f5c00000,0x00000093f5d00000] [id=7332]
  0x000001bc6be03380 GCTaskThread "GC Thread#3" [stack: 0x00000093f5d00000,0x00000093f5e00000] [id=10324]
  0x000001bc6bb3f990 GCTaskThread "GC Thread#4" [stack: 0x00000093f5e00000,0x00000093f5f00000] [id=11140]
  0x000001bc6c0ca0e0 GCTaskThread "GC Thread#5" [stack: 0x00000093f5f00000,0x00000093f6000000] [id=19720]
  0x000001bc6c0ca3a0 GCTaskThread "GC Thread#6" [stack: 0x00000093f6000000,0x00000093f6100000] [id=23592]
  0x000001bc6c675360 GCTaskThread "GC Thread#7" [stack: 0x00000093f6500000,0x00000093f6600000] [id=24628]

Threads with active compile tasks:
C2 CompilerThread0    42156 8047       4       org.eclipse.jdt.internal.compiler.util.JrtFileSystem$2::visitFile (10 bytes)
C2 CompilerThread1    42156 8048       4       org.eclipse.jdt.internal.compiler.util.JrtFileSystem$2::visitFile (72 bytes)

VM state: not at safepoint (normal execution)

VM Mutex/Monitor currently owned by a thread:  ([mutex/lock_event])
[0x000001bc519ea610] Metaspace_lock - owner thread: 0x000001bc6bff1cc0

Heap address: 0x00000000c0000000, size: 1024 MB, Compressed Oops mode: 32-bit

CDS archive(s) not mapped
Compressed class space mapped at: 0x0000000100000000-0x0000000140000000, reserved size: 1073741824
Narrow klass base: 0x0000000000000000, Narrow klass shift: 3, Narrow klass range: 0x140000000

GC Precious Log:
 CPUs: 8 total, 8 available
 Memory: 7814M
 Large Page Support: Disabled
 NUMA Support: Disabled
 Compressed Oops: Enabled (32-bit)
 Alignments: Space 512K, Generation 512K, Heap 2M
 Heap Min Capacity: 100M
 Heap Initial Capacity: 100M
 Heap Max Capacity: 1G
 Pre-touch: Disabled
 Parallel Workers: 8

Heap:
 PSYoungGen      total 14848K, used 8137K [0x00000000eab00000, 0x00000000ebd80000, 0x0000000100000000)
  eden space 12800K, 48% used [0x00000000eab00000,0x00000000eb10ba20,0x00000000eb780000)
  from space 2048K, 95% used [0x00000000eb780000,0x00000000eb966d38,0x00000000eb980000)
  to   space 3072K, 0% used [0x00000000eba80000,0x00000000eba80000,0x00000000ebd80000)
 ParOldGen       total 93696K, used 69390K [0x00000000c0000000, 0x00000000c5b80000, 0x00000000eab00000)
  object space 93696K, 74% used [0x00000000c0000000,0x00000000c43c39d0,0x00000000c5b80000)
 Metaspace       used 69464K, committed 70528K, reserved 1114112K
  class space    used 7485K, committed 7936K, reserved 1048576K

Card table byte_map: [0x000001bc513c0000,0x000001bc515d0000] _byte_map_base: 0x000001bc50dc0000

Marking Bits: (ParMarkBitMap*) 0x00007ffc06796940
 Begin Bits: [0x000001bc63690000, 0x000001bc64690000)
 End Bits:   [0x000001bc64690000, 0x000001bc65690000)

Polling page: 0x000001bc511b0000

Metaspace:

Usage:
  Non-class:     60.53 MB used.
      Class:      7.31 MB used.
       Both:     67.84 MB used.

Virtual space:
  Non-class space:       64.00 MB reserved,      61.12 MB ( 96%) committed,  1 nodes.
      Class space:        1.00 GB reserved,       7.75 MB ( <1%) committed,  1 nodes.
             Both:        1.06 GB reserved,      68.88 MB (  6%) committed. 

Chunk freelists:
   Non-Class:  1.92 MB
       Class:  8.09 MB
        Both:  10.02 MB

MaxMetaspaceSize: unlimited
CompressedClassSpaceSize: 1.00 GB
Initial GC threshold: 21.00 MB
Current GC threshold: 108.69 MB
CDS: off
MetaspaceReclaimPolicy: balanced
 - commit_granule_bytes: 65536.
 - commit_granule_words: 8192.
 - virtual_space_node_default_size: 8388608.
 - enlarge_chunks_in_place: 1.
 - new_chunks_are_fully_committed: 0.
 - uncommit_free_chunks: 1.
 - use_allocation_guard: 0.
 - handle_deallocations: 1.


Internal statistics:

num_allocs_failed_limit: 11.
num_arena_births: 696.
num_arena_deaths: 22.
num_vsnodes_births: 2.
num_vsnodes_deaths: 0.
num_space_committed: 1102.
num_space_uncommitted: 0.
num_chunks_returned_to_freelist: 36.
num_chunks_taken_from_freelist: 3283.
num_chunk_merges: 10.
num_chunk_splits: 2064.
num_chunks_enlarged: 1271.
num_inconsistent_stats: 0.

CodeHeap 'non-profiled nmethods': size=120000Kb used=4485Kb max_used=4485Kb free=115514Kb
 bounds [0x000001bc5c160000, 0x000001bc5c5d0000, 0x000001bc63690000]
CodeHeap 'profiled nmethods': size=120000Kb used=15718Kb max_used=15718Kb free=104282Kb
 bounds [0x000001bc54690000, 0x000001bc555f0000, 0x000001bc5bbc0000]
CodeHeap 'non-nmethods': size=5760Kb used=1387Kb max_used=1461Kb free=4372Kb
 bounds [0x000001bc5bbc0000, 0x000001bc5be30000, 0x000001bc5c160000]
 total_blobs=8088 nmethods=7349 adapters=651
 compilation: enabled
              stopped_count=0, restarted_count=0
 full_count=0

Compilation events (20 events):
Event: 42.049 Thread 0x000001bc6ab5e4e0 8252       2       java.net.URI::decode (6 bytes)
Event: 42.049 Thread 0x000001bc6ab5e4e0 nmethod 8252 0x000001bc555e7710 code [0x000001bc555e78a0, 0x000001bc555e79a8]
Event: 42.050 Thread 0x000001bc6ab5e4e0 8253       2       java.lang.Character::isSpaceChar (19 bytes)
Event: 42.051 Thread 0x000001bc6ab5e4e0 nmethod 8253 0x000001bc555e7a90 code [0x000001bc555e7c40, 0x000001bc555e7d98]
Event: 42.051 Thread 0x000001bc6ab5e4e0 8254       2       java.lang.Character::isISOControl (25 bytes)
Event: 42.051 Thread 0x000001bc6ab5e4e0 nmethod 8254 0x000001bc555e7e90 code [0x000001bc555e8020, 0x000001bc555e8138]
Event: 42.054 Thread 0x000001bc6ab5e4e0 8255       3       org.eclipse.jdt.internal.core.JavaElement::getParent (5 bytes)
Event: 42.055 Thread 0x000001bc6ab5e4e0 nmethod 8255 0x000001bc555e8210 code [0x000001bc555e83a0, 0x000001bc555e8538]
Event: 42.055 Thread 0x000001bc6ab5e4e0 8256       2       org.eclipse.jdt.internal.compiler.lookup.PlainPackageBinding::addPackage (37 bytes)
Event: 42.056 Thread 0x000001bc6ab5e4e0 nmethod 8256 0x000001bc555e8610 code [0x000001bc555e87a0, 0x000001bc555e88c8]
Event: 42.056 Thread 0x000001bc6ab5e4e0 8257       2       org.eclipse.jdt.core.compiler.CharOperation::subarray (48 bytes)
Event: 42.056 Thread 0x000001bc6ab5e4e0 nmethod 8257 0x000001bc555e8990 code [0x000001bc555e8b60, 0x000001bc555e8e68]
Event: 42.056 Thread 0x000001bc6ab5e4e0 8258       2       org.eclipse.jdt.internal.compiler.lookup.ModuleBinding::completeIfNeeded (53 bytes)
Event: 42.056 Thread 0x000001bc6ab5e4e0 nmethod 8258 0x000001bc555e8f90 code [0x000001bc555e9140, 0x000001bc555e9388]
Event: 42.056 Thread 0x000001bc6ab5e4e0 8261       2       org.eclipse.jdt.internal.compiler.util.CharArrayMap::get (38 bytes)
Event: 42.057 Thread 0x000001bc6ab5e4e0 nmethod 8261 0x000001bc555e9510 code [0x000001bc555e96c0, 0x000001bc555e9928]
Event: 42.057 Thread 0x000001bc6ab5e4e0 8259       2       org.eclipse.jdt.internal.compiler.lookup.SplitPackageBinding::rank (28 bytes)
Event: 42.057 Thread 0x000001bc6ab5e4e0 nmethod 8259 0x000001bc555e9a90 code [0x000001bc555e9c40, 0x000001bc555e9e28]
Event: 42.057 Thread 0x000001bc6ab5e4e0 8260       2       org.eclipse.jdt.internal.compiler.lookup.Binding::isValidBinding (11 bytes)
Event: 42.057 Thread 0x000001bc6ab5e4e0 nmethod 8260 0x000001bc555e9f10 code [0x000001bc555ea0c0, 0x000001bc555ea228]

GC Heap History (20 events):
Event: 37.361 GC heap before
{Heap before GC invocations=39 (full 3):
 PSYoungGen      total 16896K, used 16879K [0x00000000eab00000, 0x00000000ec180000, 0x0000000100000000)
  eden space 14848K, 100% used [0x00000000eab00000,0x00000000eb980000,0x00000000eb980000)
  from space 2048K, 99% used [0x00000000eb980000,0x00000000ebb7bd38,0x00000000ebb80000)
  to   space 4096K, 0% used [0x00000000ebd80000,0x00000000ebd80000,0x00000000ec180000)
 ParOldGen       total 68608K, used 60328K [0x00000000c0000000, 0x00000000c4300000, 0x00000000eab00000)
  object space 68608K, 87% used [0x00000000c0000000,0x00000000c3aea0d8,0x00000000c4300000)
 Metaspace       used 63359K, committed 64384K, reserved 1114112K
  class space    used 6875K, committed 7296K, reserved 1048576K
}
Event: 37.366 GC heap after
{Heap after GC invocations=39 (full 3):
 PSYoungGen      total 16896K, used 1585K [0x00000000eab00000, 0x00000000ebf80000, 0x0000000100000000)
  eden space 14848K, 0% used [0x00000000eab00000,0x00000000eab00000,0x00000000eb980000)
  from space 2048K, 77% used [0x00000000ebd80000,0x00000000ebf0c770,0x00000000ebf80000)
  to   space 2560K, 0% used [0x00000000eba80000,0x00000000eba80000,0x00000000ebd00000)
 ParOldGen       total 68608K, used 61299K [0x00000000c0000000, 0x00000000c4300000, 0x00000000eab00000)
  object space 68608K, 89% used [0x00000000c0000000,0x00000000c3bdcd80,0x00000000c4300000)
 Metaspace       used 63359K, committed 64384K, reserved 1114112K
  class space    used 6875K, committed 7296K, reserved 1048576K
}
Event: 37.467 GC heap before
{Heap before GC invocations=40 (full 3):
 PSYoungGen      total 16896K, used 16433K [0x00000000eab00000, 0x00000000ebf80000, 0x0000000100000000)
  eden space 14848K, 100% used [0x00000000eab00000,0x00000000eb980000,0x00000000eb980000)
  from space 2048K, 77% used [0x00000000ebd80000,0x00000000ebf0c770,0x00000000ebf80000)
  to   space 2560K, 0% used [0x00000000eba80000,0x00000000eba80000,0x00000000ebd00000)
 ParOldGen       total 68608K, used 61299K [0x00000000c0000000, 0x00000000c4300000, 0x00000000eab00000)
  object space 68608K, 89% used [0x00000000c0000000,0x00000000c3bdcd80,0x00000000c4300000)
 Metaspace       used 63685K, committed 64704K, reserved 1114112K
  class space    used 6901K, committed 7296K, reserved 1048576K
}
Event: 37.470 GC heap after
{Heap after GC invocations=40 (full 3):
 PSYoungGen      total 16384K, used 1319K [0x00000000eab00000, 0x00000000ebe00000, 0x0000000100000000)
  eden space 14848K, 0% used [0x00000000eab00000,0x00000000eab00000,0x00000000eb980000)
  from space 1536K, 85% used [0x00000000eba80000,0x00000000ebbc9ec0,0x00000000ebc00000)
  to   space 1536K, 0% used [0x00000000ebc80000,0x00000000ebc80000,0x00000000ebe00000)
 ParOldGen       total 68608K, used 61958K [0x00000000c0000000, 0x00000000c4300000, 0x00000000eab00000)
  object space 68608K, 90% used [0x00000000c0000000,0x00000000c3c81a58,0x00000000c4300000)
 Metaspace       used 63685K, committed 64704K, reserved 1114112K
  class space    used 6901K, committed 7296K, reserved 1048576K
}
Event: 38.917 GC heap before
{Heap before GC invocations=41 (full 3):
 PSYoungGen      total 16384K, used 16167K [0x00000000eab00000, 0x00000000ebe00000, 0x0000000100000000)
  eden space 14848K, 100% used [0x00000000eab00000,0x00000000eb980000,0x00000000eb980000)
  from space 1536K, 85% used [0x00000000eba80000,0x00000000ebbc9ec0,0x00000000ebc00000)
  to   space 1536K, 0% used [0x00000000ebc80000,0x00000000ebc80000,0x00000000ebe00000)
 ParOldGen       total 68608K, used 61958K [0x00000000c0000000, 0x00000000c4300000, 0x00000000eab00000)
  object space 68608K, 90% used [0x00000000c0000000,0x00000000c3c81a58,0x00000000c4300000)
 Metaspace       used 64574K, committed 65600K, reserved 1114112K
  class space    used 6991K, committed 7424K, reserved 1048576K
}
Event: 38.921 GC heap after
{Heap after GC invocations=41 (full 3):
 PSYoungGen      total 15872K, used 1516K [0x00000000eab00000, 0x00000000ec080000, 0x0000000100000000)
  eden space 14336K, 0% used [0x00000000eab00000,0x00000000eab00000,0x00000000eb900000)
  from space 1536K, 98% used [0x00000000ebc80000,0x00000000ebdfb268,0x00000000ebe00000)
  to   space 3584K, 0% used [0x00000000eb900000,0x00000000eb900000,0x00000000ebc80000)
 ParOldGen       total 68608K, used 63636K [0x00000000c0000000, 0x00000000c4300000, 0x00000000eab00000)
  object space 68608K, 92% used [0x00000000c0000000,0x00000000c3e25218,0x00000000c4300000)
 Metaspace       used 64574K, committed 65600K, reserved 1114112K
  class space    used 6991K, committed 7424K, reserved 1048576K
}
Event: 39.384 GC heap before
{Heap before GC invocations=42 (full 3):
 PSYoungGen      total 15872K, used 15852K [0x00000000eab00000, 0x00000000ec080000, 0x0000000100000000)
  eden space 14336K, 100% used [0x00000000eab00000,0x00000000eb900000,0x00000000eb900000)
  from space 1536K, 98% used [0x00000000ebc80000,0x00000000ebdfb268,0x00000000ebe00000)
  to   space 3584K, 0% used [0x00000000eb900000,0x00000000eb900000,0x00000000ebc80000)
 ParOldGen       total 68608K, used 63636K [0x00000000c0000000, 0x00000000c4300000, 0x00000000eab00000)
  object space 68608K, 92% used [0x00000000c0000000,0x00000000c3e25218,0x00000000c4300000)
 Metaspace       used 64714K, committed 65728K, reserved 1114112K
  class space    used 7007K, committed 7424K, reserved 1048576K
}
Event: 39.388 GC heap after
{Heap after GC invocations=42 (full 3):
 PSYoungGen      total 17920K, used 3067K [0x00000000eab00000, 0x00000000ec000000, 0x0000000100000000)
  eden space 14336K, 0% used [0x00000000eab00000,0x00000000eab00000,0x00000000eb900000)
  from space 3584K, 85% used [0x00000000eb900000,0x00000000ebbfec30,0x00000000ebc80000)
  to   space 3584K, 0% used [0x00000000ebc80000,0x00000000ebc80000,0x00000000ec000000)
 ParOldGen       total 68608K, used 65056K [0x00000000c0000000, 0x00000000c4300000, 0x00000000eab00000)
  object space 68608K, 94% used [0x00000000c0000000,0x00000000c3f883b0,0x00000000c4300000)
 Metaspace       used 64714K, committed 65728K, reserved 1114112K
  class space    used 7007K, committed 7424K, reserved 1048576K
}
Event: 39.707 GC heap before
{Heap before GC invocations=43 (full 3):
 PSYoungGen      total 17920K, used 17403K [0x00000000eab00000, 0x00000000ec000000, 0x0000000100000000)
  eden space 14336K, 100% used [0x00000000eab00000,0x00000000eb900000,0x00000000eb900000)
  from space 3584K, 85% used [0x00000000eb900000,0x00000000ebbfec30,0x00000000ebc80000)
  to   space 3584K, 0% used [0x00000000ebc80000,0x00000000ebc80000,0x00000000ec000000)
 ParOldGen       total 68608K, used 65056K [0x00000000c0000000, 0x00000000c4300000, 0x00000000eab00000)
  object space 68608K, 94% used [0x00000000c0000000,0x00000000c3f883b0,0x00000000c4300000)
 Metaspace       used 65337K, committed 66368K, reserved 1114112K
  class space    used 7074K, committed 7488K, reserved 1048576K
}
Event: 39.713 GC heap after
{Heap after GC invocations=43 (full 3):
 PSYoungGen      total 17920K, used 3067K [0x00000000eab00000, 0x00000000ec000000, 0x0000000100000000)
  eden space 14336K, 0% used [0x00000000eab00000,0x00000000eab00000,0x00000000eb900000)
  from space 3584K, 85% used [0x00000000ebc80000,0x00000000ebf7eeb8,0x00000000ec000000)
  to   space 3584K, 0% used [0x00000000eb900000,0x00000000eb900000,0x00000000ebc80000)
 ParOldGen       total 68608K, used 67928K [0x00000000c0000000, 0x00000000c4300000, 0x00000000eab00000)
  object space 68608K, 99% used [0x00000000c0000000,0x00000000c4256030,0x00000000c4300000)
 Metaspace       used 65337K, committed 66368K, reserved 1114112K
  class space    used 7074K, committed 7488K, reserved 1048576K
}
Event: 40.150 GC heap before
{Heap before GC invocations=44 (full 4):
 PSYoungGen      total 17920K, used 17403K [0x00000000eab00000, 0x00000000ec000000, 0x0000000100000000)
  eden space 14336K, 100% used [0x00000000eab00000,0x00000000eb900000,0x00000000eb900000)
  from space 3584K, 85% used [0x00000000ebc80000,0x00000000ebf7eeb8,0x00000000ec000000)
  to   space 3584K, 0% used [0x00000000eb900000,0x00000000eb900000,0x00000000ebc80000)
 ParOldGen       total 68608K, used 67928K [0x00000000c0000000, 0x00000000c4300000, 0x00000000eab00000)
  object space 68608K, 99% used [0x00000000c0000000,0x00000000c4256030,0x00000000c4300000)
 Metaspace       used 65714K, committed 66752K, reserved 1114112K
  class space    used 7137K, committed 7552K, reserved 1048576K
}
Event: 40.278 GC heap after
{Heap after GC invocations=44 (full 4):
 PSYoungGen      total 17920K, used 0K [0x00000000eab00000, 0x00000000ec000000, 0x0000000100000000)
  eden space 14336K, 0% used [0x00000000eab00000,0x00000000eab00000,0x00000000eb900000)
  from space 3584K, 0% used [0x00000000eb900000,0x00000000eb900000,0x00000000ebc80000)
  to   space 3584K, 0% used [0x00000000ebc80000,0x00000000ebc80000,0x00000000ec000000)
 ParOldGen       total 93696K, used 65325K [0x00000000c0000000, 0x00000000c5b80000, 0x00000000eab00000)
  object space 93696K, 69% used [0x00000000c0000000,0x00000000c3fcb498,0x00000000c5b80000)
 Metaspace       used 65714K, committed 66752K, reserved 1114112K
  class space    used 7137K, committed 7552K, reserved 1048576K
}
Event: 40.667 GC heap before
{Heap before GC invocations=45 (full 4):
 PSYoungGen      total 17920K, used 14336K [0x00000000eab00000, 0x00000000ec000000, 0x0000000100000000)
  eden space 14336K, 100% used [0x00000000eab00000,0x00000000eb900000,0x00000000eb900000)
  from space 3584K, 0% used [0x00000000eb900000,0x00000000eb900000,0x00000000ebc80000)
  to   space 3584K, 0% used [0x00000000ebc80000,0x00000000ebc80000,0x00000000ec000000)
 ParOldGen       total 93696K, used 65325K [0x00000000c0000000, 0x00000000c5b80000, 0x00000000eab00000)
  object space 93696K, 69% used [0x00000000c0000000,0x00000000c3fcb498,0x00000000c5b80000)
 Metaspace       used 66584K, committed 67584K, reserved 1114112K
  class space    used 7229K, committed 7616K, reserved 1048576K
}
Event: 40.670 GC heap after
{Heap after GC invocations=45 (full 4):
 PSYoungGen      total 16384K, used 1764K [0x00000000eab00000, 0x00000000ebe80000, 0x0000000100000000)
  eden space 14336K, 0% used [0x00000000eab00000,0x00000000eab00000,0x00000000eb900000)
  from space 2048K, 86% used [0x00000000ebc80000,0x00000000ebe39120,0x00000000ebe80000)
  to   space 2560K, 0% used [0x00000000eb980000,0x00000000eb980000,0x00000000ebc00000)
 ParOldGen       total 93696K, used 65333K [0x00000000c0000000, 0x00000000c5b80000, 0x00000000eab00000)
  object space 93696K, 69% used [0x00000000c0000000,0x00000000c3fcd498,0x00000000c5b80000)
 Metaspace       used 66584K, committed 67584K, reserved 1114112K
  class space    used 7229K, committed 7616K, reserved 1048576K
}
Event: 40.749 GC heap before
{Heap before GC invocations=46 (full 4):
 PSYoungGen      total 16384K, used 16100K [0x00000000eab00000, 0x00000000ebe80000, 0x0000000100000000)
  eden space 14336K, 100% used [0x00000000eab00000,0x00000000eb900000,0x00000000eb900000)
  from space 2048K, 86% used [0x00000000ebc80000,0x00000000ebe39120,0x00000000ebe80000)
  to   space 2560K, 0% used [0x00000000eb980000,0x00000000eb980000,0x00000000ebc00000)
 ParOldGen       total 93696K, used 65333K [0x00000000c0000000, 0x00000000c5b80000, 0x00000000eab00000)
  object space 93696K, 69% used [0x00000000c0000000,0x00000000c3fcd498,0x00000000c5b80000)
 Metaspace       used 66755K, committed 67840K, reserved 1114112K
  class space    used 7245K, committed 7680K, reserved 1048576K
}
Event: 40.752 GC heap after
{Heap after GC invocations=46 (full 4):
 PSYoungGen      total 16896K, used 2342K [0x00000000eab00000, 0x00000000ebe00000, 0x0000000100000000)
  eden space 14336K, 0% used [0x00000000eab00000,0x00000000eab00000,0x00000000eb900000)
  from space 2560K, 91% used [0x00000000eb980000,0x00000000ebbc9b60,0x00000000ebc00000)
  to   space 2048K, 0% used [0x00000000ebc00000,0x00000000ebc00000,0x00000000ebe00000)
 ParOldGen       total 93696K, used 65341K [0x00000000c0000000, 0x00000000c5b80000, 0x00000000eab00000)
  object space 93696K, 69% used [0x00000000c0000000,0x00000000c3fcf498,0x00000000c5b80000)
 Metaspace       used 66755K, committed 67840K, reserved 1114112K
  class space    used 7245K, committed 7680K, reserved 1048576K
}
Event: 41.675 GC heap before
{Heap before GC invocations=47 (full 4):
 PSYoungGen      total 16896K, used 16678K [0x00000000eab00000, 0x00000000ebe00000, 0x0000000100000000)
  eden space 14336K, 100% used [0x00000000eab00000,0x00000000eb900000,0x00000000eb900000)
  from space 2560K, 91% used [0x00000000eb980000,0x00000000ebbc9b60,0x00000000ebc00000)
  to   space 2048K, 0% used [0x00000000ebc00000,0x00000000ebc00000,0x00000000ebe00000)
 ParOldGen       total 93696K, used 65341K [0x00000000c0000000, 0x00000000c5b80000, 0x00000000eab00000)
  object space 93696K, 69% used [0x00000000c0000000,0x00000000c3fcf498,0x00000000c5b80000)
 Metaspace       used 68162K, committed 69312K, reserved 1114112K
  class space    used 7357K, committed 7808K, reserved 1048576K
}
Event: 41.679 GC heap after
{Heap after GC invocations=47 (full 4):
 PSYoungGen      total 14848K, used 2034K [0x00000000eab00000, 0x00000000ec200000, 0x0000000100000000)
  eden space 12800K, 0% used [0x00000000eab00000,0x00000000eab00000,0x00000000eb780000)
  from space 2048K, 99% used [0x00000000ebc00000,0x00000000ebdfc8a8,0x00000000ebe00000)
  to   space 4608K, 0% used [0x00000000eb780000,0x00000000eb780000,0x00000000ebc00000)
 ParOldGen       total 93696K, used 67546K [0x00000000c0000000, 0x00000000c5b80000, 0x00000000eab00000)
  object space 93696K, 72% used [0x00000000c0000000,0x00000000c41f6a70,0x00000000c5b80000)
 Metaspace       used 68162K, committed 69312K, reserved 1114112K
  class space    used 7357K, committed 7808K, reserved 1048576K
}
Event: 42.007 GC heap before
{Heap before GC invocations=48 (full 4):
 PSYoungGen      total 14848K, used 14834K [0x00000000eab00000, 0x00000000ec200000, 0x0000000100000000)
  eden space 12800K, 100% used [0x00000000eab00000,0x00000000eb780000,0x00000000eb780000)
  from space 2048K, 99% used [0x00000000ebc00000,0x00000000ebdfc8a8,0x00000000ebe00000)
  to   space 4608K, 0% used [0x00000000eb780000,0x00000000eb780000,0x00000000ebc00000)
 ParOldGen       total 93696K, used 67546K [0x00000000c0000000, 0x00000000c5b80000, 0x00000000eab00000)
  object space 93696K, 72% used [0x00000000c0000000,0x00000000c41f6a70,0x00000000c5b80000)
 Metaspace       used 69213K, committed 70336K, reserved 1114112K
  class space    used 7464K, committed 7936K, reserved 1048576K
}
Event: 42.012 GC heap after
{Heap after GC invocations=48 (full 4):
 PSYoungGen      total 14848K, used 1947K [0x00000000eab00000, 0x00000000ebd80000, 0x0000000100000000)
  eden space 12800K, 0% used [0x00000000eab00000,0x00000000eab00000,0x00000000eb780000)
  from space 2048K, 95% used [0x00000000eb780000,0x00000000eb966d38,0x00000000eb980000)
  to   space 3072K, 0% used [0x00000000eba80000,0x00000000eba80000,0x00000000ebd80000)
 ParOldGen       total 93696K, used 69390K [0x00000000c0000000, 0x00000000c5b80000, 0x00000000eab00000)
  object space 93696K, 74% used [0x00000000c0000000,0x00000000c43c39d0,0x00000000c5b80000)
 Metaspace       used 69213K, committed 70336K, reserved 1114112K
  class space    used 7464K, committed 7936K, reserved 1048576K
}

Dll operation events (14 events):
Event: 0.027 Loaded shared library c:\Users\ayama\.vscode\extensions\redhat.java-1.36.0-win32-x64\jre\17.0.13-win32-x86_64\bin\java.dll
Event: 0.580 Loaded shared library c:\Users\ayama\.vscode\extensions\redhat.java-1.36.0-win32-x64\jre\17.0.13-win32-x86_64\bin\zip.dll
Event: 0.588 Loaded shared library C:\Users\ayama\.vscode\extensions\redhat.java-1.36.0-win32-x64\jre\17.0.13-win32-x86_64\bin\instrument.dll
Event: 0.617 Loaded shared library C:\Users\ayama\.vscode\extensions\redhat.java-1.36.0-win32-x64\jre\17.0.13-win32-x86_64\bin\net.dll
Event: 0.621 Loaded shared library C:\Users\ayama\.vscode\extensions\redhat.java-1.36.0-win32-x64\jre\17.0.13-win32-x86_64\bin\nio.dll
Event: 0.644 Loaded shared library C:\Users\ayama\.vscode\extensions\redhat.java-1.36.0-win32-x64\jre\17.0.13-win32-x86_64\bin\zip.dll
Event: 0.682 Loaded shared library C:\Users\ayama\.vscode\extensions\redhat.java-1.36.0-win32-x64\jre\17.0.13-win32-x86_64\bin\jimage.dll
Event: 0.890 Loaded shared library c:\Users\ayama\.vscode\extensions\redhat.java-1.36.0-win32-x64\jre\17.0.13-win32-x86_64\bin\verify.dll
Event: 4.641 Loaded shared library C:\Users\ayama\AppData\Roaming\Code\User\globalStorage\redhat.java\1.36.0\config_win\org.eclipse.equinox.launcher\org.eclipse.equinox.launcher.win32.win32.x86_64_1.2.1100.v20240722-2106\eclipse_11904.dll
Event: 9.073 Loaded shared library C:\Users\ayama\.vscode\extensions\redhat.java-1.36.0-win32-x64\jre\17.0.13-win32-x86_64\bin\management.dll
Event: 9.082 Loaded shared library C:\Users\ayama\.vscode\extensions\redhat.java-1.36.0-win32-x64\jre\17.0.13-win32-x86_64\bin\management_ext.dll
Event: 14.371 Loaded shared library C:\Users\ayama\AppData\Local\Temp\jna-93282941\jna18396351966478396695.dll
Event: 26.964 Loaded shared library C:\Users\ayama\.vscode\extensions\redhat.java-1.36.0-win32-x64\jre\17.0.13-win32-x86_64\bin\sunmscapi.dll
Event: 28.000 Loaded shared library C:\Users\ayama\.vscode\extensions\redhat.java-1.36.0-win32-x64\jre\17.0.13-win32-x86_64\bin\extnet.dll

Deoptimization events (20 events):
Event: 41.736 Thread 0x000001bc6bff4a50 DEOPT PACKING pc=0x000001bc5c5b5118 sp=0x00000093f6efe8a0
Event: 41.737 Thread 0x000001bc6bff4a50 DEOPT UNPACKING pc=0x000001bc5bc166a3 sp=0x00000093f6efe800 mode 2
Event: 41.770 Thread 0x000001bc6cf17930 DEOPT PACKING pc=0x000001bc5552c015 sp=0x00000093f81fd590
Event: 41.770 Thread 0x000001bc6cf17930 DEOPT UNPACKING pc=0x000001bc5bc16e43 sp=0x00000093f81fcb18 mode 0
Event: 41.776 Thread 0x000001bc6cf18d70 Uncommon trap: trap_request=0xffffff45 fr.pc=0x000001bc5c4ddec4 relative=0x00000000000001a4
Event: 41.776 Thread 0x000001bc6cf18d70 Uncommon trap: reason=unstable_if action=reinterpret pc=0x000001bc5c4ddec4 method=org.eclipse.jdt.core.compiler.CharOperation.subarray([CII)[C @ 2 c2
Event: 41.776 Thread 0x000001bc6cf18d70 DEOPT PACKING pc=0x000001bc5c4ddec4 sp=0x00000093f80fdf40
Event: 41.777 Thread 0x000001bc6cf18d70 DEOPT UNPACKING pc=0x000001bc5bc166a3 sp=0x00000093f80fdf00 mode 2
Event: 41.872 Thread 0x000001bc6cf17930 DEOPT PACKING pc=0x000001bc5552c015 sp=0x00000093f81fd7a0
Event: 41.872 Thread 0x000001bc6cf17930 DEOPT UNPACKING pc=0x000001bc5bc16e43 sp=0x00000093f81fcd28 mode 0
Event: 41.909 Thread 0x000001bc6cf18d70 Uncommon trap: trap_request=0xffffff45 fr.pc=0x000001bc5c437a30 relative=0x0000000000000610
Event: 41.909 Thread 0x000001bc6cf18d70 Uncommon trap: reason=unstable_if action=reinterpret pc=0x000001bc5c437a30 method=jdk.internal.jimage.ImageStringsReader.stringFromByteBufferMatches(Ljava/nio/ByteBuffer;ILjava/lang/String;I)I @ 59 c2
Event: 41.909 Thread 0x000001bc6cf18d70 DEOPT PACKING pc=0x000001bc5c437a30 sp=0x00000093f80fd310
Event: 41.909 Thread 0x000001bc6cf18d70 DEOPT UNPACKING pc=0x000001bc5bc166a3 sp=0x00000093f80fd288 mode 2
Event: 41.910 Thread 0x000001bc6cf18d70 Uncommon trap: trap_request=0xffffff45 fr.pc=0x000001bc5c43ec9c relative=0x0000000000000b5c
Event: 41.910 Thread 0x000001bc6cf18d70 Uncommon trap: reason=unstable_if action=reinterpret pc=0x000001bc5c43ec9c method=jdk.internal.jrtfs.JrtFileSystem.checkNode(Ljdk/internal/jrtfs/JrtPath;)Ljdk/internal/jimage/ImageReader$Node; @ 16 c2
Event: 41.910 Thread 0x000001bc6cf18d70 DEOPT PACKING pc=0x000001bc5c43ec9c sp=0x00000093f80fd5a0
Event: 41.910 Thread 0x000001bc6cf18d70 DEOPT UNPACKING pc=0x000001bc5bc166a3 sp=0x00000093f80fd590 mode 2
Event: 42.017 Thread 0x000001bc6bff4a50 DEOPT PACKING pc=0x000001bc5552c015 sp=0x00000093f6efe540
Event: 42.017 Thread 0x000001bc6bff4a50 DEOPT UNPACKING pc=0x000001bc5bc16e43 sp=0x00000093f6efdac8 mode 0

Classes loaded (20 events):
Event: 41.121 Loading class java/nio/charset/CharacterCodingException
Event: 41.121 Loading class java/nio/charset/CharacterCodingException done
Event: 41.121 Loading class java/io/SequenceInputStream
Event: 41.122 Loading class java/io/SequenceInputStream done
Event: 41.558 Loading class java/util/concurrent/CompletableFuture$UniApply
Event: 41.559 Loading class java/util/concurrent/CompletableFuture$UniCompletion
Event: 41.559 Loading class java/util/concurrent/CompletableFuture$UniCompletion done
Event: 41.559 Loading class java/util/concurrent/CompletableFuture$UniApply done
Event: 41.560 Loading class java/util/concurrent/ForkJoinPool$DefaultCommonPoolForkJoinWorkerThreadFactory$1
Event: 41.561 Loading class java/util/concurrent/ForkJoinPool$DefaultCommonPoolForkJoinWorkerThreadFactory$1 done
Event: 41.561 Loading class java/util/concurrent/CompletableFuture$UniAccept
Event: 41.561 Loading class java/util/concurrent/CompletableFuture$UniAccept done
Event: 41.561 Loading class java/util/concurrent/CompletableFuture$UniExceptionally
Event: 41.564 Loading class java/util/concurrent/CompletableFuture$UniExceptionally done
Event: 41.921 Loading class java/util/stream/ReduceOps$4
Event: 41.921 Loading class java/util/stream/ReduceOps$4 done
Event: 41.921 Loading class java/util/stream/ReduceOps$4ReducingSink
Event: 41.922 Loading class java/util/stream/ReduceOps$4ReducingSink done
Event: 41.970 Loading class java/nio/file/Files$2
Event: 41.970 Loading class java/nio/file/Files$2 done

Classes unloaded (11 events):
Event: 13.629 Thread 0x000001bc65889970 Unloading class 0x000000010034e400 'java/lang/invoke/LambdaForm$MH+0x000000010034e400'
Event: 13.629 Thread 0x000001bc65889970 Unloading class 0x000000010034dc00 'java/lang/invoke/LambdaForm$MH+0x000000010034dc00'
Event: 13.629 Thread 0x000001bc65889970 Unloading class 0x000000010034d400 'java/lang/invoke/LambdaForm$MH+0x000000010034d400'
Event: 13.629 Thread 0x000001bc65889970 Unloading class 0x000000010034c800 'java/lang/invoke/LambdaForm$MH+0x000000010034c800'
Event: 13.630 Thread 0x000001bc65889970 Unloading class 0x0000000100258000 'java/lang/invoke/LambdaForm$MH+0x0000000100258000'
Event: 13.630 Thread 0x000001bc65889970 Unloading class 0x0000000100253c00 'java/lang/invoke/LambdaForm$MH+0x0000000100253c00'
Event: 13.630 Thread 0x000001bc65889970 Unloading class 0x0000000100253800 'java/lang/invoke/LambdaForm$MH+0x0000000100253800'
Event: 13.630 Thread 0x000001bc65889970 Unloading class 0x0000000100253400 'java/lang/invoke/LambdaForm$MH+0x0000000100253400'
Event: 13.630 Thread 0x000001bc65889970 Unloading class 0x0000000100253000 'java/lang/invoke/LambdaForm$BMH+0x0000000100253000'
Event: 13.630 Thread 0x000001bc65889970 Unloading class 0x0000000100252c00 'java/lang/invoke/LambdaForm$DMH+0x0000000100252c00'
Event: 13.630 Thread 0x000001bc65889970 Unloading class 0x0000000100250400 'java/lang/invoke/LambdaForm$DMH+0x0000000100250400'

Classes redefined (0 events):
No events

Internal exceptions (20 events):
Event: 40.543 Thread 0x000001bc6cf18d70 Exception <a 'java/io/FileNotFoundException'{0x00000000eb412f00}> (0x00000000eb412f00) 
thrown [s\src\hotspot\share\prims\jni.cpp, line 516]
Event: 40.543 Thread 0x000001bc6cf18d70 Exception <a 'java/io/FileNotFoundException'{0x00000000eb4141c0}> (0x00000000eb4141c0) 
thrown [s\src\hotspot\share\prims\jni.cpp, line 516]
Event: 40.544 Thread 0x000001bc6cf18d70 Exception <a 'java/io/FileNotFoundException'{0x00000000eb4156b0}> (0x00000000eb4156b0) 
thrown [s\src\hotspot\share\prims\jni.cpp, line 516]
Event: 40.761 Thread 0x000001bc6cf18d70 Exception <a 'java/lang/NoSuchMethodError'{0x00000000ead99578}: 'java.lang.Object java.lang.invoke.DirectMethodHandle$Holder.invokeVirtual(java.lang.Object, java.lang.Object, java.lang.Object)'> (0x00000000ead99578) 
thrown [s\src\hotspot\share\interpreter\linkResolver.cpp, line 759]
Event: 41.528 Thread 0x000001bc6cf1b5f0 Exception <a 'sun/nio/fs/WindowsException'{0x00000000eb50c2b8}> (0x00000000eb50c2b8) 
thrown [s\src\hotspot\share\prims\jni.cpp, line 516]
Event: 41.528 Thread 0x000001bc6cf1b5f0 Exception <a 'sun/nio/fs/WindowsException'{0x00000000eb50c910}> (0x00000000eb50c910) 
thrown [s\src\hotspot\share\prims\jni.cpp, line 516]
Event: 41.535 Thread 0x000001bc6cf1b5f0 Exception <a 'sun/nio/fs/WindowsException'{0x00000000eb510148}> (0x00000000eb510148) 
thrown [s\src\hotspot\share\prims\jni.cpp, line 516]
Event: 41.535 Thread 0x000001bc6cf1b5f0 Exception <a 'sun/nio/fs/WindowsException'{0x00000000eb5107a0}> (0x00000000eb5107a0) 
thrown [s\src\hotspot\share\prims\jni.cpp, line 516]
Event: 41.537 Thread 0x000001bc6cf1b5f0 Exception <a 'sun/nio/fs/WindowsException'{0x00000000eb5114a8}> (0x00000000eb5114a8) 
thrown [s\src\hotspot\share\prims\jni.cpp, line 516]
Event: 41.537 Thread 0x000001bc6cf1b5f0 Exception <a 'sun/nio/fs/WindowsException'{0x00000000eb511ae0}> (0x00000000eb511ae0) 
thrown [s\src\hotspot\share\prims\jni.cpp, line 516]
Event: 41.538 Thread 0x000001bc6cf1b5f0 Exception <a 'sun/nio/fs/WindowsException'{0x00000000eb512668}> (0x00000000eb512668) 
thrown [s\src\hotspot\share\prims\jni.cpp, line 516]
Event: 41.538 Thread 0x000001bc6cf1b5f0 Exception <a 'sun/nio/fs/WindowsException'{0x00000000eb512ca0}> (0x00000000eb512ca0) 
thrown [s\src\hotspot\share\prims\jni.cpp, line 516]
Event: 41.539 Thread 0x000001bc6cf1b5f0 Exception <a 'sun/nio/fs/WindowsException'{0x00000000eb54e870}> (0x00000000eb54e870) 
thrown [s\src\hotspot\share\prims\jni.cpp, line 516]
Event: 41.539 Thread 0x000001bc6cf1b5f0 Exception <a 'sun/nio/fs/WindowsException'{0x00000000eb54eea8}> (0x00000000eb54eea8) 
thrown [s\src\hotspot\share\prims\jni.cpp, line 516]
Event: 41.540 Thread 0x000001bc6cf1b5f0 Exception <a 'sun/nio/fs/WindowsException'{0x00000000eb54fa30}> (0x00000000eb54fa30) 
thrown [s\src\hotspot\share\prims\jni.cpp, line 516]
Event: 41.540 Thread 0x000001bc6cf1b5f0 Exception <a 'sun/nio/fs/WindowsException'{0x00000000eb550068}> (0x00000000eb550068) 
thrown [s\src\hotspot\share\prims\jni.cpp, line 516]
Event: 41.683 Thread 0x000001bc6bff21d0 Exception <a 'java/lang/NoSuchMethodError'{0x00000000eab1b640}: 'java.lang.Object java.lang.invoke.DirectMethodHandle$Holder.invokeSpecial(java.lang.Object, java.lang.Object, int, long)'> (0x00000000eab1b640) 
thrown [s\src\hotspot\share\interpreter\linkResolver.cpp, line 759]
Event: 41.736 Thread 0x000001bc6bff4a50 Implicit null exception at 0x000001bc5c5b016c to 0x000001bc5c5b50e8
Event: 41.904 Thread 0x000001bc6cf17930 Exception <a 'java/lang/IncompatibleClassChangeError'{0x00000000eb4612a0}: Found class java.lang.Object, but interface was expected> (0x00000000eb4612a0) 
thrown [s\src\hotspot\share\interpreter\linkResolver.cpp, line 826]
Event: 42.004 Thread 0x000001bc6cf17930 Exception <a 'java/lang/NoSuchMethodError'{0x00000000eb715340}: 'int java.lang.invoke.DirectMethodHandle$Holder.invokeStatic(java.lang.Object, java.lang.Object, java.lang.Object, int)'> (0x00000000eb715340) 
thrown [s\src\hotspot\share\interpreter\linkResolver.cpp, line 759]

VM Operations (20 events):
Event: 39.655 Executing VM operation: HandshakeAllThreads
Event: 39.655 Executing VM operation: HandshakeAllThreads done
Event: 39.707 Executing VM operation: ParallelGCFailedAllocation
Event: 39.713 Executing VM operation: ParallelGCFailedAllocation done
Event: 39.969 Executing VM operation: HandshakeAllThreads
Event: 40.144 Executing VM operation: HandshakeAllThreads done
Event: 40.150 Executing VM operation: ParallelGCFailedAllocation
Event: 40.278 Executing VM operation: ParallelGCFailedAllocation done
Event: 40.478 Executing VM operation: HandshakeAllThreads
Event: 40.478 Executing VM operation: HandshakeAllThreads done
Event: 40.624 Executing VM operation: HandshakeAllThreads
Event: 40.634 Executing VM operation: HandshakeAllThreads done
Event: 40.667 Executing VM operation: ParallelGCFailedAllocation
Event: 40.670 Executing VM operation: ParallelGCFailedAllocation done
Event: 40.748 Executing VM operation: ParallelGCFailedAllocation
Event: 40.752 Executing VM operation: ParallelGCFailedAllocation done
Event: 41.658 Executing VM operation: ParallelGCFailedAllocation
Event: 41.679 Executing VM operation: ParallelGCFailedAllocation done
Event: 42.007 Executing VM operation: ParallelGCFailedAllocation
Event: 42.012 Executing VM operation: ParallelGCFailedAllocation done

Memory protections (0 events):
No events

Nmethod flushes (20 events):
Event: 25.669 Thread 0x000001bc6ab611b0 flushing  nmethod 0x000001bc55110090
Event: 25.669 Thread 0x000001bc6ab611b0 flushing  nmethod 0x000001bc55110490
Event: 25.669 Thread 0x000001bc6ab611b0 flushing  nmethod 0x000001bc55111b10
Event: 25.669 Thread 0x000001bc6ab611b0 flushing  nmethod 0x000001bc55112490
Event: 25.669 Thread 0x000001bc6ab611b0 flushing  nmethod 0x000001bc55112910
Event: 25.669 Thread 0x000001bc6ab611b0 flushing  nmethod 0x000001bc55114410
Event: 25.669 Thread 0x000001bc6ab611b0 flushing  nmethod 0x000001bc55114f90
Event: 25.671 Thread 0x000001bc6ab611b0 flushing  nmethod 0x000001bc5512e210
Event: 25.671 Thread 0x000001bc6ab611b0 flushing  nmethod 0x000001bc5512ee90
Event: 25.673 Thread 0x000001bc6ab611b0 flushing  nmethod 0x000001bc551a7e10
Event: 34.461 Thread 0x000001bc6ab611b0 flushing  nmethod 0x000001bc5c364190
Event: 34.461 Thread 0x000001bc6ab611b0 flushing  nmethod 0x000001bc5c376d90
Event: 34.461 Thread 0x000001bc6ab611b0 flushing  nmethod 0x000001bc5c37dd90
Event: 34.468 Thread 0x000001bc6ab611b0 flushing  nmethod 0x000001bc54b97690
Event: 34.471 Thread 0x000001bc6ab611b0 flushing  nmethod 0x000001bc54eee610
Event: 34.473 Thread 0x000001bc6ab611b0 flushing  nmethod 0x000001bc55084410
Event: 34.473 Thread 0x000001bc6ab611b0 flushing  nmethod 0x000001bc5509e090
Event: 34.473 Thread 0x000001bc6ab611b0 flushing  nmethod 0x000001bc550d4490
Event: 34.474 Thread 0x000001bc6ab611b0 flushing  nmethod 0x000001bc5511a890
Event: 34.474 Thread 0x000001bc6ab611b0 flushing  nmethod 0x000001bc551b6790

Events (20 events):
Event: 28.600 Thread 0x000001bc6cf17930 Thread exited: 0x000001bc6cf17930
Event: 28.955 Thread 0x000001bc6bff21d0 Thread added: 0x000001bc6cf1c520
Event: 29.881 Thread 0x000001bc6bff4540 Thread added: 0x000001bc6cf1ca30
Event: 30.022 Thread 0x000001bc6cf1ca30 Thread exited: 0x000001bc6cf1ca30
Event: 30.328 Thread 0x000001bc6d01ec10 Thread exited: 0x000001bc6d01ec10
Event: 30.406 Thread 0x000001bc6ab5e4e0 Thread added: 0x000001bc6d01ec10
Event: 30.816 Thread 0x000001bc6bff4540 Thread added: 0x000001bc6cf1ca30
Event: 35.839 Thread 0x000001bc6cf1ca30 Thread exited: 0x000001bc6cf1ca30
Event: 39.538 Thread 0x000001bc6bff3610 Thread added: 0x000001bc6cf1cf40
Event: 39.561 Thread 0x000001bc6cf1cf40 Thread exited: 0x000001bc6cf1cf40
Event: 40.279 Thread 0x000001bc6cf1c520 Thread added: 0x000001bc6cf18d70
Event: 41.561 Thread 0x000001bc6cf1b5f0 Thread added: 0x000001bc6cf17930
Event: 41.587 Thread 0x000001bc6cf17930 Thread added: 0x000001bc6cf1cf40
Event: 41.770 Thread 0x000001bc6cf18d70 Thread added: 0x000001bc6cf18860
Event: 41.771 Thread 0x000001bc6cf18d70 Thread added: 0x000001bc6cf1e380
Event: 41.771 Thread 0x000001bc6cf18d70 Thread added: 0x000001bc6cf1e890
Event: 41.771 Thread 0x000001bc6cf18d70 Thread added: 0x000001bc6cf17e40
Event: 41.771 Thread 0x000001bc6cf18d70 Thread added: 0x000001bc6cf18350
Event: 42.041 Thread 0x000001bc6cf1b5f0 Thread added: 0x000001bc6cf19790
Event: 42.060 Thread 0x000001bc6cf19790 Thread added: 0x000001bc6cf19ca0


Dynamic libraries:
0x00007ff61e560000 - 0x00007ff61e56e000 	c:\Users\ayama\.vscode\extensions\redhat.java-1.36.0-win32-x64\jre\17.0.13-win32-x86_64\bin\java.exe
0x00007ffc719f0000 - 0x00007ffc71be8000 	C:\WINDOWS\SYSTEM32\ntdll.dll
0x00007ffc6fc00000 - 0x00007ffc6fcc2000 	C:\WINDOWS\System32\KERNEL32.DLL
0x00007ffc6f410000 - 0x00007ffc6f70e000 	C:\WINDOWS\System32\KERNELBASE.dll
0x00007ffc6f0e0000 - 0x00007ffc6f1e0000 	C:\WINDOWS\System32\ucrtbase.dll
0x00007ffc5a3f0000 - 0x00007ffc5a407000 	c:\Users\ayama\.vscode\extensions\redhat.java-1.36.0-win32-x64\jre\17.0.13-win32-x86_64\bin\jli.dll
0x00007ffc70b90000 - 0x00007ffc70d2d000 	C:\WINDOWS\System32\USER32.dll
0x00007ffc6f3e0000 - 0x00007ffc6f402000 	C:\WINDOWS\System32\win32u.dll
0x00007ffc70820000 - 0x00007ffc7084b000 	C:\WINDOWS\System32\GDI32.dll
0x00007ffc6f710000 - 0x00007ffc6f827000 	C:\WINDOWS\System32\gdi32full.dll
0x00007ffc6f8c0000 - 0x00007ffc6f95d000 	C:\WINDOWS\System32\msvcp_win.dll
0x00007ffc59460000 - 0x00007ffc5947e000 	c:\Users\ayama\.vscode\extensions\redhat.java-1.36.0-win32-x64\jre\17.0.13-win32-x86_64\bin\VCRUNTIME140.dll
0x00007ffc5a8b0000 - 0x00007ffc5ab4a000 	C:\WINDOWS\WinSxS\amd64_microsoft.windows.common-controls_6595b64144ccf1df_6.0.19041.4355_none_60b8b9eb71f62e16\COMCTL32.dll
0x00007ffc70d30000 - 0x00007ffc70dce000 	C:\WINDOWS\System32\msvcrt.dll
0x00007ffc707f0000 - 0x00007ffc7081f000 	C:\WINDOWS\System32\IMM32.DLL
0x00007ffc68470000 - 0x00007ffc6847c000 	c:\Users\ayama\.vscode\extensions\redhat.java-1.36.0-win32-x64\jre\17.0.13-win32-x86_64\bin\vcruntime140_1.dll
0x00007ffc32f20000 - 0x00007ffc32fad000 	c:\Users\ayama\.vscode\extensions\redhat.java-1.36.0-win32-x64\jre\17.0.13-win32-x86_64\bin\msvcp140.dll
0x00007ffc05bf0000 - 0x00007ffc0685b000 	c:\Users\ayama\.vscode\extensions\redhat.java-1.36.0-win32-x64\jre\17.0.13-win32-x86_64\bin\server\jvm.dll
0x00007ffc6fa10000 - 0x00007ffc6fac1000 	C:\WINDOWS\System32\ADVAPI32.dll
0x00007ffc70980000 - 0x00007ffc70a1f000 	C:\WINDOWS\System32\sechost.dll
0x00007ffc6fda0000 - 0x00007ffc6fec3000 	C:\WINDOWS\System32\RPCRT4.dll
0x00007ffc6f1e0000 - 0x00007ffc6f207000 	C:\WINDOWS\System32\bcrypt.dll
0x00007ffc6fcd0000 - 0x00007ffc6fd3b000 	C:\WINDOWS\System32\WS2_32.dll
0x00007ffc6e590000 - 0x00007ffc6e5db000 	C:\WINDOWS\SYSTEM32\POWRPROF.dll
0x00007ffc4a510000 - 0x00007ffc4a537000 	C:\WINDOWS\SYSTEM32\WINMM.dll
0x00007ffc64d20000 - 0x00007ffc64d2a000 	C:\WINDOWS\SYSTEM32\VERSION.dll
0x00007ffc6e450000 - 0x00007ffc6e462000 	C:\WINDOWS\SYSTEM32\UMPDC.dll
0x00007ffc6d870000 - 0x00007ffc6d882000 	C:\WINDOWS\SYSTEM32\kernel.appcore.dll
0x00007ffc60f00000 - 0x00007ffc60f0a000 	c:\Users\ayama\.vscode\extensions\redhat.java-1.36.0-win32-x64\jre\17.0.13-win32-x86_64\bin\jimage.dll
0x00007ffc49830000 - 0x00007ffc49a14000 	C:\WINDOWS\SYSTEM32\DBGHELP.DLL
0x00007ffc497f0000 - 0x00007ffc49824000 	C:\WINDOWS\SYSTEM32\dbgcore.DLL
0x00007ffc6f830000 - 0x00007ffc6f8b2000 	C:\WINDOWS\System32\bcryptPrimitives.dll
0x00007ffc60910000 - 0x00007ffc6091e000 	c:\Users\ayama\.vscode\extensions\redhat.java-1.36.0-win32-x64\jre\17.0.13-win32-x86_64\bin\instrument.dll
0x00007ffc4a8f0000 - 0x00007ffc4a915000 	c:\Users\ayama\.vscode\extensions\redhat.java-1.36.0-win32-x64\jre\17.0.13-win32-x86_64\bin\java.dll
0x00007ffc59040000 - 0x00007ffc59058000 	c:\Users\ayama\.vscode\extensions\redhat.java-1.36.0-win32-x64\jre\17.0.13-win32-x86_64\bin\zip.dll
0x00007ffc70080000 - 0x00007ffc707ed000 	C:\WINDOWS\System32\SHELL32.dll
0x00007ffc6d0b0000 - 0x00007ffc6d854000 	C:\WINDOWS\SYSTEM32\windows.storage.dll
0x00007ffc71370000 - 0x00007ffc716c3000 	C:\WINDOWS\System32\combase.dll
0x00007ffc6e9e0000 - 0x00007ffc6ea0e000 	C:\WINDOWS\SYSTEM32\Wldp.dll
0x00007ffc712a0000 - 0x00007ffc7136d000 	C:\WINDOWS\System32\OLEAUT32.dll
0x00007ffc708d0000 - 0x00007ffc7097d000 	C:\WINDOWS\System32\SHCORE.dll
0x00007ffc70a20000 - 0x00007ffc70a75000 	C:\WINDOWS\System32\shlwapi.dll
0x00007ffc6efc0000 - 0x00007ffc6efe4000 	C:\WINDOWS\SYSTEM32\profapi.dll
0x00007ffc58db0000 - 0x00007ffc58dc9000 	C:\Users\ayama\.vscode\extensions\redhat.java-1.36.0-win32-x64\jre\17.0.13-win32-x86_64\bin\net.dll
0x00007ffc6ca40000 - 0x00007ffc6cb4d000 	C:\WINDOWS\SYSTEM32\WINHTTP.dll
0x00007ffc6e7c0000 - 0x00007ffc6e82a000 	C:\WINDOWS\system32\mswsock.dll
0x00007ffc49e00000 - 0x00007ffc49e16000 	C:\Users\ayama\.vscode\extensions\redhat.java-1.36.0-win32-x64\jre\17.0.13-win32-x86_64\bin\nio.dll
0x00007ffc596b0000 - 0x00007ffc596c0000 	c:\Users\ayama\.vscode\extensions\redhat.java-1.36.0-win32-x64\jre\17.0.13-win32-x86_64\bin\verify.dll
0x00007ffc30e50000 - 0x00007ffc30e95000 	C:\Users\ayama\AppData\Roaming\Code\User\globalStorage\redhat.java\1.36.0\config_win\org.eclipse.equinox.launcher\org.eclipse.equinox.launcher.win32.win32.x86_64_1.2.1100.v20240722-2106\eclipse_11904.dll
0x00007ffc71880000 - 0x00007ffc719ab000 	C:\WINDOWS\System32\ole32.dll
0x00007ffc58c60000 - 0x00007ffc58c6a000 	C:\Users\ayama\.vscode\extensions\redhat.java-1.36.0-win32-x64\jre\17.0.13-win32-x86_64\bin\management.dll
0x00007ffc580d0000 - 0x00007ffc580db000 	C:\Users\ayama\.vscode\extensions\redhat.java-1.36.0-win32-x64\jre\17.0.13-win32-x86_64\bin\management_ext.dll
0x00007ffc70850000 - 0x00007ffc70858000 	C:\WINDOWS\System32\PSAPI.DLL
0x00007ffc6ed30000 - 0x00007ffc6ed48000 	C:\WINDOWS\SYSTEM32\CRYPTSP.dll
0x00007ffc6e090000 - 0x00007ffc6e0c4000 	C:\WINDOWS\system32\rsaenh.dll
0x00007ffc6ef80000 - 0x00007ffc6efae000 	C:\WINDOWS\SYSTEM32\USERENV.dll
0x00007ffc6e950000 - 0x00007ffc6e95c000 	C:\WINDOWS\SYSTEM32\CRYPTBASE.dll
0x00007ffc6e470000 - 0x00007ffc6e4ab000 	C:\WINDOWS\SYSTEM32\IPHLPAPI.DLL
0x00007ffc708c0000 - 0x00007ffc708c8000 	C:\WINDOWS\System32\NSI.dll
0x00007ffc67ca0000 - 0x00007ffc67cb7000 	C:\WINDOWS\SYSTEM32\dhcpcsvc6.DLL
0x00007ffc67960000 - 0x00007ffc6797d000 	C:\WINDOWS\SYSTEM32\dhcpcsvc.DLL
0x00007ffc6e4b0000 - 0x00007ffc6e57a000 	C:\WINDOWS\SYSTEM32\DNSAPI.dll
0x00007ffc483f0000 - 0x00007ffc48439000 	C:\Users\ayama\AppData\Local\Temp\jna-93282941\jna18396351966478396695.dll
0x00007ffc608d0000 - 0x00007ffc608de000 	C:\Users\ayama\.vscode\extensions\redhat.java-1.36.0-win32-x64\jre\17.0.13-win32-x86_64\bin\sunmscapi.dll
0x00007ffc6f280000 - 0x00007ffc6f3dc000 	C:\WINDOWS\System32\CRYPT32.dll
0x00007ffc6ea50000 - 0x00007ffc6ea77000 	C:\WINDOWS\SYSTEM32\ncrypt.dll
0x00007ffc6ea10000 - 0x00007ffc6ea4b000 	C:\WINDOWS\SYSTEM32\NTASN1.dll
0x00007ffc64970000 - 0x00007ffc6497a000 	C:\Windows\System32\rasadhlp.dll
0x00007ffc66580000 - 0x00007ffc66600000 	C:\WINDOWS\System32\fwpuclnt.dll
0x00007ffc510a0000 - 0x00007ffc510a9000 	C:\Users\ayama\.vscode\extensions\redhat.java-1.36.0-win32-x64\jre\17.0.13-win32-x86_64\bin\extnet.dll

dbghelp: loaded successfully - version: 4.0.5 - missing functions: none
symbol engine: initialized successfully - sym options: 0x614 - pdb path: .;c:\Users\ayama\.vscode\extensions\redhat.java-1.36.0-win32-x64\jre\17.0.13-win32-x86_64\bin;C:\WINDOWS\SYSTEM32;C:\WINDOWS\WinSxS\amd64_microsoft.windows.common-controls_6595b64144ccf1df_6.0.19041.4355_none_60b8b9eb71f62e16;c:\Users\ayama\.vscode\extensions\redhat.java-1.36.0-win32-x64\jre\17.0.13-win32-x86_64\bin\server;C:\Users\ayama\AppData\Roaming\Code\User\globalStorage\redhat.java\1.36.0\config_win\org.eclipse.equinox.launcher\org.eclipse.equinox.launcher.win32.win32.x86_64_1.2.1100.v20240722-2106;C:\Users\ayama\AppData\Local\Temp\jna-93282941

VM Arguments:
jvm_args: --add-modules=ALL-SYSTEM --add-opens=java.base/java.util=ALL-UNNAMED --add-opens=java.base/java.lang=ALL-UNNAMED --add-opens=java.base/sun.nio.fs=ALL-UNNAMED -Declipse.application=org.eclipse.jdt.ls.core.id1 -Dosgi.bundles.defaultStartLevel=4 -Declipse.product=org.eclipse.jdt.ls.core.product -Djava.import.generatesMetadataFilesAtProjectRoot=false -DDetectVMInstallationsJob.disabled=true -Dfile.encoding=utf8 -XX:+UseParallelGC -XX:GCTimeRatio=4 -XX:AdaptiveSizePolicyWeight=90 -Dsun.zip.disableMemoryMapping=true -Xmx1G -Xms100m -Xlog:disable -javaagent:c:\Users\ayama\.vscode\extensions\redhat.java-1.36.0-win32-x64\lombok\lombok-1.18.35.jar -XX:+HeapDumpOnOutOfMemoryError -XX:HeapDumpPath=c:\Users\ayama\AppData\Roaming\Code\User\workspaceStorage\cb83dc0188b8a3deb9242c1b4567d9ac\redhat.java -Daether.dependencyCollector.impl=bf 
java_command: c:\Users\ayama\.vscode\extensions\redhat.java-1.36.0-win32-x64\server\plugins\org.eclipse.equinox.launcher_1.6.900.v20240613-2009.jar -configuration c:\Users\ayama\AppData\Roaming\Code\User\globalStorage\redhat.java\1.36.0\config_win -data c:\Users\ayama\AppData\Roaming\Code\User\workspaceStorage\cb83dc0188b8a3deb9242c1b4567d9ac\redhat.java\jdt_ws --pipe=\\.\pipe\lsp-a6c5e1bca20ec39bd5bad9110e9d4ee3-sock
java_class_path (initial): c:\Users\ayama\.vscode\extensions\redhat.java-1.36.0-win32-x64\server\plugins\org.eclipse.equinox.launcher_1.6.900.v20240613-2009.jar
Launcher Type: SUN_STANDARD

[Global flags]
    uintx AdaptiveSizePolicyWeight                 = 90                                        {product} {command line}
     intx CICompilerCount                          = 4                                         {product} {ergonomic}
    uintx GCTimeRatio                              = 4                                         {product} {command line}
     bool HeapDumpOnOutOfMemoryError               = true                                   {manageable} {command line}
    ccstr HeapDumpPath                             = c:\Users\ayama\AppData\Roaming\Code\User\workspaceStorage\cb83dc0188b8a3deb9242c1b4567d9ac\redhat.java         {manageable} {command line}
   size_t InitialHeapSize                          = 104857600                                 {product} {command line}
   size_t MaxHeapSize                              = 1073741824                                {product} {command line}
   size_t MaxNewSize                               = 357564416                                 {product} {ergonomic}
   size_t MinHeapDeltaBytes                        = 524288                                    {product} {ergonomic}
   size_t MinHeapSize                              = 104857600                                 {product} {command line}
   size_t NewSize                                  = 34603008                                  {product} {ergonomic}
    uintx NonNMethodCodeHeapSize                   = 5839372                                {pd product} {ergonomic}
    uintx NonProfiledCodeHeapSize                  = 122909434                              {pd product} {ergonomic}
   size_t OldSize                                  = 70254592                                  {product} {ergonomic}
    uintx ProfiledCodeHeapSize                     = 122909434                              {pd product} {ergonomic}
    uintx ReservedCodeCacheSize                    = 251658240                              {pd product} {ergonomic}
     bool SegmentedCodeCache                       = true                                      {product} {ergonomic}
   size_t SoftMaxHeapSize                          = 1073741824                             {manageable} {ergonomic}
     bool UseCompressedClassPointers               = true                           {product lp64_product} {ergonomic}
     bool UseCompressedOops                        = true                           {product lp64_product} {ergonomic}
     bool UseLargePagesIndividualAllocation        = false                                  {pd product} {ergonomic}
     bool UseParallelGC                            = true                                      {product} {command line}

Logging:
Log output configuration:
 #0: stdout all=off uptime,level,tags
 #1: stderr all=off uptime,level,tags

Environment Variables:
JAVA_HOME=C:\Program Files\Java\jdk-23
PATH=C:\Program Files (x86)\Common Files\Oracle\Java\javapath;C:\Users\ayama\OneDrive\Bureau\WINDOWS.X64_193000_db_home\bin;C:\Python312\Scripts\;C:\Python312\;C:\WINDOWS\system32;C:\WINDOWS;C:\WINDOWS\System32\Wbem;C:\WINDOWS\System32\WindowsPowerShell\v1.0\;C:\WINDOWS\System32\OpenSSH\;C:\xampp\php;C:\ProgramData\ComposerSetup\bin;C:\Program Files\Java\jdk-17\bin;C:\Program Files\Git\cmd;C:\Program Files\nodejs\;C:\ProgramData\chocolatey\bin;C:\kube;D:\application\postgresql\bin;C:\Program Files\Docker\Docker\resources\bin;D:\application\curl-8.11.0_1-win64-mingw\bin;C:\Users\ayama\AppData\Local\Microsoft\WindowsApps;C:\Users\ayama\AppData\Local\Programs\Microsoft VS Code\bin;C:\Users\ayama\Downloads\xampp-portable-windows-x64-8.1.17-0-VS16\xampp\php;C:\Users\ayama\AppData\Roaming\Composer\vendor\bin;C:\Program Files\JetBrains\IntelliJ IDEA 2024.2.3\bin;;D:\application\flutter_windows_3.19.0-stable\flutter\bin;C:\Users\ayama\AppData\Roaming\npm;D:\application\postgresql\bin;
USERNAME=ayama
OS=Windows_NT
PROCESSOR_IDENTIFIER=Intel64 Family 6 Model 142 Stepping 10, GenuineIntel
TMP=C:\Users\ayama\AppData\Local\Temp
TEMP=C:\Users\ayama\AppData\Local\Temp



Periodic native trim disabled


---------------  S Y S T E M  ---------------

OS:
 Windows 10 , 64 bit Build 19041 (10.0.19041.5072)
OS uptime: 1 days 20:38 hours
Hyper-V role detected

CPU: total 8 (initial active 8) (4 cores per cpu, 2 threads per core) family 6 model 142 stepping 10 microcode 0xb4, cx8, cmov, fxsr, ht, mmx, 3dnowpref, sse, sse2, sse3, ssse3, sse4.1, sse4.2, popcnt, lzcnt, tsc, tscinvbit, avx, avx2, aes, erms, clmul, bmi1, bmi2, adx, fma, vzeroupper, clflush, clflushopt, hv
Processor Information for all 8 processors :
  Max Mhz: 1801, Current Mhz: 1801, Mhz Limit: 1801

Memory: 4k page, system-wide physical 7814M (251M free)
TotalPageFile size 17080M (AvailPageFile size 6M)
current process WorkingSet (physical memory assigned to process): 306M, peak: 310M
current process commit charge ("private bytes"): 357M, peak: 366M

vm_info: OpenJDK 64-Bit Server VM (17.0.13+11) for windows-amd64 JRE (17.0.13+11), built on Oct 16 2024 00:10:08 by "admin" with MS VC++ 17.7 (VS2022)

END.
